13/10/2022 11:44:31 Start analisys...
13/10/2022 11:44:31 Loading Dataset...
13/10/2022 11:44:32 Done!
13/10/2022 11:44:32 Loading smell list...
13/10/2022 11:44:32 Starting smell search...
13/10/2022 11:44:32 Searching Static Coupling Smells...
13/10/2022 11:44:32 Done!
13/10/2022 11:44:32 Searching Weak Temporization Smells...
13/10/2022 11:44:33 Done!
13/10/2022 11:44:33 Searching Improper Collider Smells...
13/10/2022 11:44:34 Done!
13/10/2022 11:44:34 Searching Dependency Between Object Smells...
13/10/2022 11:44:35 Done!
13/10/2022 11:44:35 Searching Lack Of Seapration Of Concern Smells...
13/10/2022 11:44:36 Done!
13/10/2022 11:44:36 Searching Singleton Pattern Smells...
13/10/2022 11:44:36 Done!
13/10/2022 11:44:36 Searching Instantiate and Destroy Smells...
13/10/2022 11:44:54 Done!
13/10/2022 11:44:54 Searching Find Methods Smells...
13/10/2022 11:45:13 Done!
13/10/2022 11:45:13 Searching Poor State Design Smells...
13/10/2022 11:45:14 Done!
13/10/2022 11:45:14 Searching Rigidbody Velocity Change Smell...
13/10/2022 11:45:14 Done!
13/10/2022 11:45:14 Searching Continuously Checking Position/Rotation...
13/10/2022 11:45:34 Done!
13/10/2022 11:45:34 Searching High Physics Computation...
13/10/2022 11:45:55 Done!
13/10/2022 11:45:55 Done!
13/10/2022 11:45:55 Saving Smells For Compilation Unit...
13/10/2022 11:45:55 Saved: AllSmellResult\Static_Coupling.csv
13/10/2022 11:45:55 Saved: AllSmellResult\Weak_Temporization.csv
13/10/2022 11:45:55 Saved: AllSmellResult\Improper_Collider.csv
13/10/2022 11:45:55 Saved: AllSmellResult\Dependency_Between_Objects.csv
13/10/2022 11:45:55 Saved: AllSmellResult\Lack_of_separation_of_concern.csv
13/10/2022 11:45:55 Saved: AllSmellResult\Singleton_Pattern.csv
13/10/2022 11:45:55 Saved: AllSmellResult\Instantiate_Destroy.csv
13/10/2022 11:45:55 Saved: AllSmellResult\Find_Methods.csv
13/10/2022 11:45:55 Saved: AllSmellResult\Poor_State_Design.csv
13/10/2022 11:45:55 Saved: AllSmellResult\Velocity_Change.csv
13/10/2022 11:45:55 Saved: AllSmellResult\Check_position_rotation.csv
13/10/2022 11:45:55 Saved: AllSmellResult\High_Physic_Computaions.csv
13/10/2022 11:45:55 Done!
13/10/2022 11:45:55 Done!
