07/10/2022 12:27:34 Analysis Started...
07/10/2022 12:27:34 Loading Project Assemblies...
07/10/2022 12:27:34 Nothing Found!
07/10/2022 12:27:34 Loading Config Assemblies Directories...
07/10/2022 12:27:34 Done!
07/10/2022 12:27:34 Loading Project...
07/10/2022 12:27:34 Loaded!
07/10/2022 12:27:35 Analyzing AnimationScript
07/10/2022 12:27:36 Analyzing Collectible
07/10/2022 12:27:37 Analyzing CollectibleCountdown
07/10/2022 12:27:37 Analyzing CollectibleFeedback
07/10/2022 12:27:37 Analyzing WeaponConsumable
07/10/2022 12:27:37 Analyzing HighscoreTable
07/10/2022 12:27:38 Analyzing CharacterStatus
07/10/2022 12:27:38 Analyzing MovePlayer
07/10/2022 12:27:38 Analyzing MenuSceneLoader
07/10/2022 12:27:38 Analyzing PauseMenu
07/10/2022 12:27:38 Analyzing SceneAndURLLoader
07/10/2022 12:27:38 Analyzing CameraSwitch
07/10/2022 12:27:38 Analyzing LevelReset
07/10/2022 12:27:38 Analyzing ParticleSceneControls
07/10/2022 12:27:38 Analyzing PlaceTargetWithMouse
07/10/2022 12:27:38 Analyzing SlowMoButton
07/10/2022 12:27:38 Analyzing GUI_Demo
07/10/2022 12:27:38 Analyzing LightFlicker
07/10/2022 12:27:38 Analyzing MouseComponent
07/10/2022 12:27:38 Analyzing PlayerMovement
07/10/2022 12:27:38 Analyzing PlayRandomSound
07/10/2022 12:27:38 Analyzing PushPhysics
07/10/2022 12:27:38 Analyzing OrbitAroundTarget
07/10/2022 12:27:38 Analyzing Activable
07/10/2022 12:27:38 Analyzing ActivableManager
07/10/2022 12:27:38 Analyzing ActivableUiManager
07/10/2022 12:27:38 Analyzing AmmoBox
07/10/2022 12:27:38 Analyzing AnimatorManager
07/10/2022 12:27:38 Analyzing AudioManager
07/10/2022 12:27:38 Analyzing ComponentManager
07/10/2022 12:27:39 Analyzing CountDown
07/10/2022 12:27:39 Analyzing CountDownManager
07/10/2022 12:27:39 Analyzing EffectManager
07/10/2022 12:27:39 Analyzing EventManager
07/10/2022 12:27:39 Analyzing Feature
07/10/2022 12:27:39 Analyzing FeatureManager
07/10/2022 12:27:39 Analyzing Gear
07/10/2022 12:27:39 Analyzing InGameUIManager
07/10/2022 12:27:39 Analyzing LoadingHandler
07/10/2022 12:27:39 Analyzing LoadingScreenManager
07/10/2022 12:27:39 Analyzing MainMenu
07/10/2022 12:27:39 Analyzing MenuEffect
07/10/2022 12:27:39 Analyzing Modifier
07/10/2022 12:27:39 Analyzing MuzzleManager
07/10/2022 12:27:39 Analyzing NameSelection
07/10/2022 12:27:39 Analyzing NetManager
07/10/2022 12:27:39 Analyzing ObjectWithFeatures
07/10/2022 12:27:39 Analyzing OverTime
07/10/2022 12:27:39 Analyzing PathManager
07/10/2022 12:27:39 Analyzing PlayerLifeManager
07/10/2022 12:27:39 Analyzing PlayerManagerScript
07/10/2022 12:27:39 Analyzing PlayerSpawnScript
07/10/2022 12:27:39 Analyzing Powerup
07/10/2022 12:27:39 Analyzing SceneChangeManager
07/10/2022 12:27:39 Analyzing SelectHero
07/10/2022 12:27:39 Analyzing ShootingScript
07/10/2022 12:27:39 Analyzing SoundConfiguration
07/10/2022 12:27:39 Analyzing Tick
07/10/2022 12:27:39 Analyzing TickManager
07/10/2022 12:27:39 Analyzing UAComponent
07/10/2022 12:27:39 Analyzing UiFeedback
07/10/2022 12:27:39 Analyzing UIPauseManager
07/10/2022 12:27:39 Analyzing WeaponManager
07/10/2022 12:27:39 Analyzing WeaponStatus
07/10/2022 12:27:39 Analyzing ConsumableSpawner
07/10/2022 12:27:39 Analyzing ConsumableSpawnManager
07/10/2022 12:27:39 Analyzing LightIntensity
07/10/2022 12:27:39 Analyzing ScoreTableManager
07/10/2022 12:27:39 Analyzing TableEntry
07/10/2022 12:27:39 Analyzing Camera2DFollow
07/10/2022 12:27:39 Analyzing CameraFollow
07/10/2022 12:27:39 Analyzing Platformer2DUserControl
07/10/2022 12:27:39 Analyzing PlatformerCharacter2D
07/10/2022 12:27:39 Analyzing Restarter
07/10/2022 12:27:39 Analyzing AbstractTargetFollower
07/10/2022 12:27:39 Analyzing AutoCam
07/10/2022 12:27:39 Analyzing FreeLookCam
07/10/2022 12:27:39 Analyzing HandHeldCam
07/10/2022 12:27:39 Analyzing LookatTarget
07/10/2022 12:27:39 Analyzing PivotBasedCameraRig
07/10/2022 12:27:39 Analyzing ProtectCameraFromWallClip
07/10/2022 12:27:39 Analyzing TargetFieldOfView
07/10/2022 12:27:39 Analyzing FirstPersonController
07/10/2022 12:27:40 Analyzing HeadBob
07/10/2022 12:27:40 Analyzing MouseLook
07/10/2022 12:27:40 Analyzing RigidbodyFirstPersonController
07/10/2022 12:27:40 Analyzing Ball
07/10/2022 12:27:40 Analyzing BallUserControl
07/10/2022 12:27:40 Analyzing AICharacterControl
07/10/2022 12:27:40 Analyzing ThirdPersonCharacter
07/10/2022 12:27:40 Analyzing ThirdPersonUserControl
07/10/2022 12:27:40 Analyzing AxisTouchButton
07/10/2022 12:27:40 Analyzing ButtonHandler
07/10/2022 12:27:40 Analyzing CrossPlatformInputManager
07/10/2022 12:27:40 Analyzing InputAxisScrollbar
07/10/2022 12:27:40 Analyzing Joystick
07/10/2022 12:27:40 Analyzing MobileControlRig
07/10/2022 12:27:40 Analyzing TiltInput
07/10/2022 12:27:40 Analyzing TouchPad
07/10/2022 12:27:40 Analyzing VirtualInput
07/10/2022 12:27:40 Analyzing MobileInput
07/10/2022 12:27:40 Analyzing StandaloneInput
07/10/2022 12:27:40 Analyzing CrossPlatformInputInitialize
07/10/2022 12:27:40 Analyzing GerstnerDisplaceEditor
07/10/2022 12:27:40 Analyzing PlanarReflectionEditor
07/10/2022 12:27:40 Analyzing SpecularLightingEditor
07/10/2022 12:27:40 Analyzing WaterBaseEditor
07/10/2022 12:27:40 Analyzing WaterEditorUtility
07/10/2022 12:27:40 Analyzing Displace
07/10/2022 12:27:40 Analyzing GerstnerDisplace
07/10/2022 12:27:40 Analyzing MeshContainer
07/10/2022 12:27:40 Analyzing PlanarReflection
07/10/2022 12:27:40 Analyzing SpecularLighting
07/10/2022 12:27:40 Analyzing Water
07/10/2022 12:27:40 Analyzing WaterBase
07/10/2022 12:27:40 Analyzing WaterTile
07/10/2022 12:27:40 Analyzing WaterBasic
07/10/2022 12:27:40 Analyzing AfterburnerPhysicsForce
07/10/2022 12:27:40 Analyzing ExplosionFireAndDebris
07/10/2022 12:27:40 Analyzing ExplosionPhysicsForce
07/10/2022 12:27:40 Analyzing Explosive
07/10/2022 12:27:40 Analyzing ExtinguishableParticleSystem
07/10/2022 12:27:40 Analyzing FireLight
07/10/2022 12:27:40 Analyzing Hose
07/10/2022 12:27:40 Analyzing ParticleSystemMultiplier
07/10/2022 12:27:40 Analyzing SmokeParticles
07/10/2022 12:27:40 Analyzing WaterHoseParticles
07/10/2022 12:27:40 Analyzing ActivateTrigger
07/10/2022 12:27:40 Analyzing AlphaButtonClickMask
07/10/2022 12:27:40 Analyzing AutoMobileShaderSwitch
07/10/2022 12:27:40 Analyzing AutoMoveAndRotate
07/10/2022 12:27:40 Analyzing CameraRefocus
07/10/2022 12:27:40 Analyzing CurveControlledBob
07/10/2022 12:27:40 Analyzing DragRigidbody
07/10/2022 12:27:40 Analyzing DynamicShadowSettings
07/10/2022 12:27:40 Analyzing EventSystemChecker
07/10/2022 12:27:40 Analyzing FollowTarget
07/10/2022 12:27:40 Analyzing ForcedReset
07/10/2022 12:27:40 Analyzing FOVKick
07/10/2022 12:27:40 Analyzing FPSCounter
07/10/2022 12:27:40 Analyzing LerpControlledBob
07/10/2022 12:27:40 Analyzing ObjectResetter
07/10/2022 12:27:40 Analyzing ParticleSystemDestroyer
07/10/2022 12:27:40 Analyzing PlatformSpecificContent
07/10/2022 12:27:40 Analyzing SimpleActivatorMenu
07/10/2022 12:27:40 Analyzing SimpleMouseRotator
07/10/2022 12:27:40 Analyzing SmoothFollow
07/10/2022 12:27:40 Analyzing TimedObjectActivator
07/10/2022 12:27:40 Analyzing TimedObjectDestructor
07/10/2022 12:27:40 Analyzing WaypointCircuit
07/10/2022 12:27:40 Analyzing WaypointProgressTracker
07/10/2022 12:27:40 Analyzing AeroplaneAiControl
07/10/2022 12:27:40 Analyzing AeroplaneAudio
07/10/2022 12:27:40 Analyzing AeroplaneController
07/10/2022 12:27:40 Analyzing AeroplaneControlSurfaceAnimator
07/10/2022 12:27:40 Analyzing AeroplanePropellerAnimator
07/10/2022 12:27:40 Analyzing AeroplaneUserControl2Axis
07/10/2022 12:27:40 Analyzing AeroplaneUserControl4Axis
07/10/2022 12:27:40 Analyzing JetParticleEffect
07/10/2022 12:27:40 Analyzing LandingGear
07/10/2022 12:27:40 Analyzing BrakeLight
07/10/2022 12:27:40 Analyzing CarAIControl
07/10/2022 12:27:40 Analyzing CarAudio
07/10/2022 12:27:40 Analyzing CarController
07/10/2022 12:27:40 Analyzing CarSelfRighting
07/10/2022 12:27:40 Analyzing CarUserControl
07/10/2022 12:27:40 Analyzing Mudguard
07/10/2022 12:27:40 Analyzing SkidTrail
07/10/2022 12:27:40 Analyzing Suspension
07/10/2022 12:27:40 Analyzing WheelEffects
07/10/2022 12:27:40 Saving Results in results.json
07/10/2022 12:27:40 Done!
