11/10/2022 17:12:51 Start analisys...
11/10/2022 17:12:51 Heavy Phisics Computation 
11/10/2022 17:12:58 Done!!
11/10/2022 17:12:58 SubOptimal Expensive Lights 
11/10/2022 17:13:06 Done!!
11/10/2022 17:13:06 SubOptimal Expensive Lights with enable LightRealTime.....
11/10/2022 17:13:17 Done!!
11/10/2022 17:13:17 Lack of optimization when drawing/rendering.....
11/10/2022 17:13:26 Done!!
11/10/2022 17:13:26 Multiple animators for a single object.....
11/10/2022 17:13:37 Done!!
11/10/2022 17:13:37 Search Static Coupling Smells.....
11/10/2022 17:13:48 Done!!
11/10/2022 17:13:48 Search AnyState Smells.....
11/10/2022 17:13:58 Done!!
11/10/2022 17:13:58 Search Mesh Collider Smells.....
11/10/2022 17:14:04 Done!!
11/10/2022 17:14:04 Search Bloated Assets Smells.....
11/10/2022 17:14:04 Done!!
11/10/2022 17:14:04 Done!
11/10/2022 17:14:04 Save Completed
